\BOOKMARK [1][-]{section.1}{Introduction}{}% 1
\BOOKMARK [1][-]{section.2}{Preprocessing}{}% 2
\BOOKMARK [2][-]{subsection.2.1}{First Analysis of the Dataset}{section.2}% 3
\BOOKMARK [2][-]{subsection.2.2}{Management of Missing Values}{section.2}% 4
\BOOKMARK [2][-]{subsection.2.3}{Standardization}{section.2}% 5
\BOOKMARK [2][-]{subsection.2.4}{Feature Engineering}{section.2}% 6
\BOOKMARK [2][-]{subsection.2.5}{Polynomial Feature Expansion}{section.2}% 7
\BOOKMARK [2][-]{subsection.2.6}{Management of Outliers}{section.2}% 8
\BOOKMARK [1][-]{section.3}{Models and Methods}{}% 9
\BOOKMARK [2][-]{subsection.3.1}{Getting Help}{section.3}% 10
\BOOKMARK [2][-]{subsection.3.2}{Abstract}{section.3}% 11
\BOOKMARK [2][-]{subsection.3.3}{Figures and Tables}{section.3}% 12
\BOOKMARK [2][-]{subsection.3.4}{Models and Methods}{section.3}% 13
\BOOKMARK [2][-]{subsection.3.5}{Results}{section.3}% 14
\BOOKMARK [1][-]{section.4}{Results}{}% 15
\BOOKMARK [2][-]{subsection.4.1}{LaTeX Primer}{section.4}% 16
\BOOKMARK [3][-]{subsubsection.4.1.1}{Installation}{subsection.4.1}% 17
\BOOKMARK [3][-]{subsubsection.4.1.2}{Compiling LaTeX}{subsection.4.1}% 18
\BOOKMARK [3][-]{subsubsection.4.1.3}{Equations}{subsection.4.1}% 19
\BOOKMARK [3][-]{subsubsection.4.1.4}{Tables and Figures}{subsection.4.1}% 20
\BOOKMARK [1][-]{section.5}{Conclusion}{}% 21
